#
# There is insufficient memory for the Java Runtime Environment to continue.
# Native memory allocation (malloc) failed to allocate 193986560 bytes for committing reserved memory.
# Possible reasons:
#   The system is out of physical RAM or swap space
#   In 32 bit mode, the process size limit was hit
# Possible solutions:
#   Reduce memory load on the system
#   Increase physical memory or swap space
#   Check if swap backing store is full
#   Use 64 bit Java on a 64 bit OS
#   Decrease Java heap size (-Xmx/-Xms)
#   Decrease number of Java threads
#   Decrease Java thread stack sizes (-Xss)
#   Set larger code cache with -XX:ReservedCodeCacheSize=
# This output file may be truncated or incomplete.
#
#  Out of Memory Error (os_linux.cpp:2827), pid=14114, tid=140309754853120
#
# JRE version: OpenJDK Runtime Environment (7.0_95) (build 1.7.0_95-b00)
# Java VM: OpenJDK 64-Bit Server VM (24.95-b01 mixed mode linux-amd64 compressed oops)
# Derivative: IcedTea 2.6.4
# Distribution: Ubuntu 14.04.4 LTS, package 7u95-2.6.4-0ubuntu0.14.04.1ppa1
# Failed to write core dump. Core dumps have been disabled. To enable core dumping, try "ulimit -c unlimited" before starting Java again
#

---------------  T H R E A D  ---------------

Current thread (0x00007f9c64072800):  VMThread [stack: 0x00007f9c6908b000,0x00007f9c6918c000] [id=14121]

Stack: [0x00007f9c6908b000,0x00007f9c6918c000],  sp=0x00007f9c6918a490,  free space=1021k
Native frames: (J=compiled Java code, j=interpreted, Vv=VM code, C=native code)
V  [libjvm.so+0x9550e5]
V  [libjvm.so+0x4902b4]
V  [libjvm.so+0x7cf7bb]
V  [libjvm.so+0x7ca28f]
V  [libjvm.so+0x83e56b]
V  [libjvm.so+0x82dacb]
V  [libjvm.so+0x82dc8b]
V  [libjvm.so+0x82ebb8]
V  [libjvm.so+0x835814]
V  [libjvm.so+0x83be8d]
V  [libjvm.so+0x7f1fd3]
V  [libjvm.so+0x956ae4]
V  [libjvm.so+0x95abe7]
V  [libjvm.so+0x9596a8]
V  [libjvm.so+0x959b09]
V  [libjvm.so+0x959f52]
V  [libjvm.so+0x7cc682]

VM_Operation (0x00007f9c5d376250): ParallelGCFailedAllocation, mode: safepoint, requested by thread 0x00007f9c641a6000


---------------  P R O C E S S  ---------------

Java Threads: ( => current thread )
  0x00007f9c641a6000 JavaThread "pool-1-thread-4" [_thread_blocked, id=14133, stack(0x00007f9c5d277000,0x00007f9c5d378000)]
  0x00007f9c641a2800 JavaThread "pool-1-thread-3" [_thread_blocked, id=14132, stack(0x00007f9c5d378000,0x00007f9c5d479000)]
  0x00007f9c641a0000 JavaThread "pool-1-thread-2" [_thread_blocked, id=14131, stack(0x00007f9c5d479000,0x00007f9c5d57a000)]
  0x00007f9c6419f000 JavaThread "pool-2-thread-1" [_thread_blocked, id=14130, stack(0x00007f9c5d57a000,0x00007f9c5d67b000)]
  0x00007f9c6419d800 JavaThread "pool-1-thread-1" [_thread_blocked, id=14129, stack(0x00007f9c5d67b000,0x00007f9c5d77c000)]
  0x00007f9c640ad800 JavaThread "Service Thread" daemon [_thread_blocked, id=14127, stack(0x00007f9c6868a000,0x00007f9c6878b000)]
  0x00007f9c640ab000 JavaThread "C2 CompilerThread1" daemon [_thread_blocked, id=14126, stack(0x00007f9c6878b000,0x00007f9c6888c000)]
  0x00007f9c640a8000 JavaThread "C2 CompilerThread0" daemon [_thread_blocked, id=14125, stack(0x00007f9c6888c000,0x00007f9c6898d000)]
  0x00007f9c640a6000 JavaThread "Signal Dispatcher" daemon [_thread_blocked, id=14124, stack(0x00007f9c6898d000,0x00007f9c68a8e000)]
  0x00007f9c64079000 JavaThread "Finalizer" daemon [_thread_blocked, id=14123, stack(0x00007f9c68e89000,0x00007f9c68f8a000)]
  0x00007f9c64077000 JavaThread "Reference Handler" daemon [_thread_blocked, id=14122, stack(0x00007f9c68f8a000,0x00007f9c6908b000)]
  0x00007f9c6400a800 JavaThread "main" [_thread_blocked, id=14116, stack(0x00007f9c6da00000,0x00007f9c6db01000)]

Other Threads:
=>0x00007f9c64072800 VMThread [stack: 0x00007f9c6908b000,0x00007f9c6918c000] [id=14121]
  0x00007f9c640b8000 WatcherThread [stack: 0x00007f9c68589000,0x00007f9c6868a000] [id=14128]

VM state:at safepoint (normal execution)

VM Mutex/Monitor currently owned by a thread:  ([mutex/lock_event])
[0x00007f9c640066e0] ExpandHeap_lock - owner thread: 0x00007f9c64072800
[0x00007f9c64006d60] Threads_lock - owner thread: 0x00007f9c64072800
[0x00007f9c64007260] Heap_lock - owner thread: 0x00007f9c641a6000

Heap
 PSYoungGen      total 233472K, used 0K [0x00000000eaa80000, 0x0000000100000000, 0x0000000100000000)
  eden space 117248K, 0% used [0x00000000eaa80000,0x00000000eaa80000,0x00000000f1d00000)
  from space 116224K, 0% used [0x00000000f8e80000,0x00000000f8e80000,0x0000000100000000)
  to   space 116224K, 0% used [0x00000000f1d00000,0x00000000f1d00000,0x00000000f8e80000)
 ParOldGen       total 335872K, used 317850K [0x00000000c0000000, 0x00000000d4800000, 0x00000000eaa80000)
  object space 335872K, 94% used [0x00000000c0000000,0x00000000d3666848,0x00000000d4800000)
 PSPermGen       total 21504K, used 6331K [0x00000000b5a00000, 0x00000000b6f00000, 0x00000000c0000000)
  object space 21504K, 29% used [0x00000000b5a00000,0x00000000b602ed88,0x00000000b6f00000)

Card table byte_map: [0x00007f9c6a3ea000,0x00007f9c6a63e000] byte_map_base: 0x00007f9c69e3d000

Polling page: 0x00007f9c6db28000

Code Cache  [0x00007f9c61000000, 0x00007f9c61390000, 0x00007f9c64000000)
 total_blobs=1303 nmethods=1071 adapters=184 free_code_cache=45598Kb largest_free_block=46644480

Compilation events (10 events):
Event: 42,026 Thread 0x00007f9c640ab000 nmethod 1153 0x00007f9c6134b2d0 code [0x00007f9c6134b420, 0x00007f9c6134b4c8]
Event: 42,026 Thread 0x00007f9c640ab000 1154             java.util.TimSort::sort (204 bytes)
Event: 42,367 Thread 0x00007f9c640a8000 nmethod 1142 0x00007f9c6137f7d0 code [0x00007f9c6137fa60, 0x00007f9c61380eb8]
Event: 42,367 Thread 0x00007f9c640a8000 1155             com.android.dx.ssa.back.FirstFitLocalCombiningAllocator$1::<init> (10 bytes)
Event: 42,368 Thread 0x00007f9c640a8000 nmethod 1155 0x00007f9c61346c50 code [0x00007f9c61346d80, 0x00007f9c61346df8]
Event: 42,368 Thread 0x00007f9c640a8000 1156             java.util.TimSort::rangeCheck (74 bytes)
Event: 42,368 Thread 0x00007f9c640a8000 nmethod 1156 0x00007f9c61346990 code [0x00007f9c61346ae0, 0x00007f9c61346b78]
Event: 42,368 Thread 0x00007f9c640a8000 1157             com.android.dx.rop.code.CstInsn::contentEquals (31 bytes)
Event: 42,370 Thread 0x00007f9c640a8000 nmethod 1157 0x00007f9c6134e7d0 code [0x00007f9c6134e940, 0x00007f9c6134ead8]
Event: 42,370 Thread 0x00007f9c640a8000 1158             com.android.dx.dex.cf.AttributeTranslator::getMethodAnnotations (37 bytes)

GC Heap History (10 events):
Event: 37,067 GC heap after
Heap after GC invocations=27 (full 5):
 PSYoungGen      total 224256K, used 93244K [0x00000000eaa80000, 0x0000000100000000, 0x0000000100000000)
  eden space 124416K, 0% used [0x00000000eaa80000,0x00000000eaa80000,0x00000000f2400000)
  from space 99840K, 93% used [0x00000000f9e80000,0x00000000ff98f370,0x0000000100000000)
  to   space 112640K, 0% used [0x00000000f2400000,0x00000000f2400000,0x00000000f9200000)
 ParOldGen       total 335872K, used 159190K [0x00000000c0000000, 0x00000000d4800000, 0x00000000eaa80000)
  object space 335872K, 47% used [0x00000000c0000000,0x00000000c9b75990,0x00000000d4800000)
 PSPermGen       total 21504K, used 6305K [0x00000000b5a00000, 0x00000000b6f00000, 0x00000000c0000000)
  object space 21504K, 29% used [0x00000000b5a00000,0x00000000b6028458,0x00000000b6f00000)
}
Event: 38,479 GC heap before
{Heap before GC invocations=28 (full 5):
 PSYoungGen      total 224256K, used 217660K [0x00000000eaa80000, 0x0000000100000000, 0x0000000100000000)
  eden space 124416K, 100% used [0x00000000eaa80000,0x00000000f2400000,0x00000000f2400000)
  from space 99840K, 93% used [0x00000000f9e80000,0x00000000ff98f370,0x0000000100000000)
  to   space 112640K, 0% used [0x00000000f2400000,0x00000000f2400000,0x00000000f9200000)
 ParOldGen       total 335872K, used 159227K [0x00000000c0000000, 0x00000000d4800000, 0x00000000eaa80000)
  object space 335872K, 47% used [0x00000000c0000000,0x00000000c9b7ec18,0x00000000d4800000)
 PSPermGen       total 21504K, used 6315K [0x00000000b5a00000, 0x00000000b6f00000, 0x00000000c0000000)
  object space 21504K, 29% used [0x00000000b5a00000,0x00000000b602acf0,0x00000000b6f00000)
Event: 38,696 GC heap after
Heap after GC invocations=28 (full 5):
 PSYoungGen      total 232448K, used 107746K [0x00000000eaa80000, 0x0000000100000000, 0x0000000100000000)
  eden space 124416K, 0% used [0x00000000eaa80000,0x00000000eaa80000,0x00000000f2400000)
  from space 108032K, 99% used [0x00000000f2400000,0x00000000f8d389e0,0x00000000f8d80000)
  to   space 116224K, 0% used [0x00000000f8e80000,0x00000000f8e80000,0x0000000100000000)
 ParOldGen       total 335872K, used 159227K [0x00000000c0000000, 0x00000000d4800000, 0x00000000eaa80000)
  object space 335872K, 47% used [0x00000000c0000000,0x00000000c9b7ec18,0x00000000d4800000)
 PSPermGen       total 21504K, used 6315K [0x00000000b5a00000, 0x00000000b6f00000, 0x00000000c0000000)
  object space 21504K, 29% used [0x00000000b5a00000,0x00000000b602acf0,0x00000000b6f00000)
}
Event: 39,368 GC heap before
{Heap before GC invocations=29 (full 5):
 PSYoungGen      total 232448K, used 232162K [0x00000000eaa80000, 0x0000000100000000, 0x0000000100000000)
  eden space 124416K, 100% used [0x00000000eaa80000,0x00000000f2400000,0x00000000f2400000)
  from space 108032K, 99% used [0x00000000f2400000,0x00000000f8d389e0,0x00000000f8d80000)
  to   space 116224K, 0% used [0x00000000f8e80000,0x00000000f8e80000,0x0000000100000000)
 ParOldGen       total 335872K, used 159229K [0x00000000c0000000, 0x00000000d4800000, 0x00000000eaa80000)
  object space 335872K, 47% used [0x00000000c0000000,0x00000000c9b7f408,0x00000000d4800000)
 PSPermGen       total 21504K, used 6320K [0x00000000b5a00000, 0x00000000b6f00000, 0x00000000c0000000)
  object space 21504K, 29% used [0x00000000b5a00000,0x00000000b602c0f0,0x00000000b6f00000)
Event: 39,633 GC heap after
Heap after GC invocations=29 (full 5):
 PSYoungGen      total 233472K, used 84670K [0x00000000eaa80000, 0x0000000100000000, 0x0000000100000000)
  eden space 117248K, 0% used [0x00000000eaa80000,0x00000000eaa80000,0x00000000f1d00000)
  from space 116224K, 72% used [0x00000000f8e80000,0x00000000fe12f840,0x0000000100000000)
  to   space 116224K, 0% used [0x00000000f1d00000,0x00000000f1d00000,0x00000000f8e80000)
 ParOldGen       total 335872K, used 201520K [0x00000000c0000000, 0x00000000d4800000, 0x00000000eaa80000)
  object space 335872K, 59% used [0x00000000c0000000,0x00000000cc4cc3e0,0x00000000d4800000)
 PSPermGen       total 21504K, used 6320K [0x00000000b5a00000, 0x00000000b6f00000, 0x00000000c0000000)
  object space 21504K, 29% used [0x00000000b5a00000,0x00000000b602c0f0,0x00000000b6f00000)
}
Event: 77,854 GC heap before
{Heap before GC invocations=30 (full 5):
 PSYoungGen      total 233472K, used 201918K [0x00000000eaa80000, 0x0000000100000000, 0x0000000100000000)
  eden space 117248K, 100% used [0x00000000eaa80000,0x00000000f1d00000,0x00000000f1d00000)
  from space 116224K, 72% used [0x00000000f8e80000,0x00000000fe12f840,0x0000000100000000)
  to   space 116224K, 0% used [0x00000000f1d00000,0x00000000f1d00000,0x00000000f8e80000)
 ParOldGen       total 335872K, used 201520K [0x00000000c0000000, 0x00000000d4800000, 0x00000000eaa80000)
  object space 335872K, 59% used [0x00000000c0000000,0x00000000cc4cc3e0,0x00000000d4800000)
 PSPermGen       total 21504K, used 6327K [0x00000000b5a00000, 0x00000000b6f00000, 0x00000000c0000000)
  object space 21504K, 29% used [0x00000000b5a00000,0x00000000b602dd78,0x00000000b6f00000)
Event: 89,993 GC heap after
Heap after GC invocations=30 (full 5):
 PSYoungGen      total 233472K, used 58398K [0x00000000eaa80000, 0x0000000100000000, 0x0000000100000000)
  eden space 117248K, 0% used [0x00000000eaa80000,0x00000000eaa80000,0x00000000f1d00000)
  from space 116224K, 50% used [0x00000000f1d00000,0x00000000f5607b20,0x00000000f8e80000)
  to   space 116224K, 0% used [0x00000000f8e80000,0x00000000f8e80000,0x0000000100000000)
 ParOldGen       total 335872K, used 245139K [0x00000000c0000000, 0x00000000d4800000, 0x00000000eaa80000)
  object space 335872K, 72% used [0x00000000c0000000,0x00000000cef64e80,0x00000000d4800000)
 PSPermGen       total 21504K, used 6327K [0x00000000b5a00000, 0x00000000b6f00000, 0x00000000c0000000)
  object space 21504K, 29% used [0x00000000b5a00000,0x00000000b602dd78,0x00000000b6f00000)
}
Event: 104,696 GC heap before
{Heap before GC invocations=31 (full 5):
 PSYoungGen      total 233472K, used 175646K [0x00000000eaa80000, 0x0000000100000000, 0x0000000100000000)
  eden space 117248K, 100% used [0x00000000eaa80000,0x00000000f1d00000,0x00000000f1d00000)
  from space 116224K, 50% used [0x00000000f1d00000,0x00000000f5607b20,0x00000000f8e80000)
  to   space 116224K, 0% used [0x00000000f8e80000,0x00000000f8e80000,0x0000000100000000)
 ParOldGen       total 335872K, used 245139K [0x00000000c0000000, 0x00000000d4800000, 0x00000000eaa80000)
  object space 335872K, 72% used [0x00000000c0000000,0x00000000cef64e80,0x00000000d4800000)
 PSPermGen       total 21504K, used 6331K [0x00000000b5a00000, 0x00000000b6f00000, 0x00000000c0000000)
  object space 21504K, 29% used [0x00000000b5a00000,0x00000000b602ef68,0x00000000b6f00000)
Event: 119,044 GC heap after
Heap after GC invocations=31 (full 5):
 PSYoungGen      total 233472K, used 35485K [0x00000000eaa80000, 0x0000000100000000, 0x0000000100000000)
  eden space 117248K, 0% used [0x00000000eaa80000,0x00000000eaa80000,0x00000000f1d00000)
  from space 116224K, 30% used [0x00000000f8e80000,0x00000000fb127518,0x0000000100000000)
  to   space 116224K, 0% used [0x00000000f1d00000,0x00000000f1d00000,0x00000000f8e80000)
 ParOldGen       total 335872K, used 285629K [0x00000000c0000000, 0x00000000d4800000, 0x00000000eaa80000)
  object space 335872K, 85% used [0x00000000c0000000,0x00000000d16ef530,0x00000000d4800000)
 PSPermGen       total 21504K, used 6331K [0x00000000b5a00000, 0x00000000b6f00000, 0x00000000c0000000)
  object space 21504K, 29% used [0x00000000b5a00000,0x00000000b602ef68,0x00000000b6f00000)
}
Event: 122,053 GC heap before
{Heap before GC invocations=32 (full 6):
 PSYoungGen      total 233472K, used 35485K [0x00000000eaa80000, 0x0000000100000000, 0x0000000100000000)
  eden space 117248K, 0% used [0x00000000eaa80000,0x00000000eaa80000,0x00000000f1d00000)
  from space 116224K, 30% used [0x00000000f8e80000,0x00000000fb127518,0x0000000100000000)
  to   space 116224K, 0% used [0x00000000f1d00000,0x00000000f1d00000,0x00000000f8e80000)
 ParOldGen       total 335872K, used 285629K [0x00000000c0000000, 0x00000000d4800000, 0x00000000eaa80000)
  object space 335872K, 85% used [0x00000000c0000000,0x00000000d16ef530,0x00000000d4800000)
 PSPermGen       total 21504K, used 6331K [0x00000000b5a00000, 0x00000000b6f00000, 0x00000000c0000000)
  object space 21504K, 29% used [0x00000000b5a00000,0x00000000b602ef68,0x00000000b6f00000)

Deoptimization events (10 events):
Event: 22,270 Thread 0x00007f9c6400a800 Uncommon trap: reason=unstable_if action=reinterpret pc=0x00007f9c61215760 method=com.android.dx.dex.code.RopTranslator$TranslationVisitor.visitPlainInsn(Lcom/android/dx/rop/code/PlainInsn;)V @ 11
Event: 22,564 Thread 0x00007f9c6419d800 Uncommon trap: reason=uninitialized action=reinterpret pc=0x00007f9c612a20a4 method=com.android.dx.cf.code.BytecodeArray.parseInstruction(ILcom/android/dx/cf/code/BytecodeArray$Visitor;)I @ 1079
Event: 23,685 Thread 0x00007f9c6400a800 Uncommon trap: reason=unloaded action=reinterpret pc=0x00007f9c6124ef7c method=com.android.dx.cf.cst.ConstantPoolParser.parse0(ILjava/util/BitSet;)Lcom/android/dx/rop/cst/Constant; @ 220
Event: 23,725 Thread 0x00007f9c6419d800 Uncommon trap: reason=unstable_if action=reinterpret pc=0x00007f9c6124cf5c method=com.android.dx.ssa.SCCP.simulateStmt(Lcom/android/dx/ssa/SsaInsn;)V @ 435
Event: 23,918 Thread 0x00007f9c6400a800 Uncommon trap: reason=unstable_if action=reinterpret pc=0x00007f9c612c0974 method=com.android.dx.cf.code.RopperMachine.run(Lcom/android/dx/cf/code/Frame;II)V @ 1500
Event: 24,760 Thread 0x00007f9c641a6000 Uncommon trap: reason=null_check action=make_not_entrant pc=0x00007f9c61124d94 method=com.android.dx.rop.type.Type.putIntern(Lcom/android/dx/rop/type/Type;)Lcom/android/dx/rop/type/Type; @ 18
Event: 34,620 Thread 0x00007f9c641a6000 Uncommon trap: reason=unstable_if action=reinterpret pc=0x00007f9c61177ae4 method=com.android.dx.cf.code.Simulator$SimVisitor.visitNoArgs(IIILcom/android/dx/rop/type/Type;)V @ 1277
Event: 38,357 Thread 0x00007f9c6400a800 Uncommon trap: reason=null_check action=make_not_entrant pc=0x00007f9c61285e10 method=com.android.dx.cf.direct.StdAttributeFactory.enclosingMethod(Lcom/android/dx/cf/direct/DirectClassFile;IILcom/android/dx/cf/iface/ParseObserver;)Lcom/android/dx/cf/iface
Event: 59,300 Thread 0x00007f9c641a0000 Uncommon trap: reason=unstable_if action=reinterpret pc=0x00007f9c6128a93c method=com.android.dx.dex.file.ValueEncoder.addContents(Lcom/android/dx/dex/file/DexFile;Lcom/android/dx/rop/cst/Constant;)V @ 4
Event: 60,383 Thread 0x00007f9c641a0000 Uncommon trap: reason=unstable_if action=reinterpret pc=0x00007f9c61278a94 method=com.android.dx.dex.file.DexFile.internIfAppropriate(Lcom/android/dx/rop/cst/Constant;)V @ 92

Internal exceptions (10 events):
Event: 13,039 Thread 0x00007f9c6400a800 Implicit null exception at 0x00007f9c610905d2 to 0x00007f9c61090672
Event: 13,039 Thread 0x00007f9c6400a800 Implicit null exception at 0x00007f9c611a0398 to 0x00007f9c611a05f5
Event: 17,793 Thread 0x00007f9c641a0000 Implicit null exception at 0x00007f9c6128685d to 0x00007f9c61288d39
Event: 20,510 Thread 0x00007f9c6400a800 Threw 0x00000000ec2f77c8 at /build/openjdk-7-FO8uvy/openjdk-7-7u95-2.6.4/build/openjdk/hotspot/src/share/vm/prims/jvm.cpp:1322
Event: 21,570 Thread 0x00007f9c641a0000 Implicit null exception at 0x00007f9c61240bf1 to 0x00007f9c612419ad
Event: 24,583 Thread 0x00007f9c6400a800 Threw 0x00000000ebb04a80 at /build/openjdk-7-FO8uvy/openjdk-7-7u95-2.6.4/build/openjdk/hotspot/src/share/vm/prims/jvm.cpp:1322
Event: 24,760 Thread 0x00007f9c641a6000 Implicit null exception at 0x00007f9c61125523 to 0x00007f9c61124d89
Event: 36,586 Thread 0x00007f9c641a0000 Threw 0x00000000ebee10d8 at /build/openjdk-7-FO8uvy/openjdk-7-7u95-2.6.4/build/openjdk/hotspot/src/share/vm/prims/jvm.cpp:1322
Event: 38,357 Thread 0x00007f9c6400a800 Implicit null exception at 0x00007f9c612853f3 to 0x00007f9c61285e05
Event: 41,062 Thread 0x00007f9c6400a800 Threw 0x00000000ecb5b308 at /build/openjdk-7-FO8uvy/openjdk-7-7u95-2.6.4/build/openjdk/hotspot/src/share/vm/prims/jvm.cpp:1322

Events (10 events):
Event: 41,096 Thread 0x00007f9c640a8000 flushing nmethod 0x00007f9c61175d50
Event: 57,983 Thread 0x00007f9c641a0000 Uncommon trap: trap_request=0xffffff75 fr.pc=0x00007f9c6128a93c
Event: 60,121 Thread 0x00007f9c641a0000 DEOPT PACKING pc=0x00007f9c6128a93c sp=0x00007f9c5d578380
Event: 60,383 Thread 0x00007f9c641a0000 DEOPT UNPACKING pc=0x00007f9c61039045 sp=0x00007f9c5d578370 mode 2
Event: 60,383 Thread 0x00007f9c641a0000 Uncommon trap: trap_request=0xffffff75 fr.pc=0x00007f9c61278a94
Event: 60,383 Thread 0x00007f9c641a0000 DEOPT PACKING pc=0x00007f9c61278a94 sp=0x00007f9c5d578330
Event: 60,383 Thread 0x00007f9c641a0000 DEOPT UNPACKING pc=0x00007f9c61039045 sp=0x00007f9c5d5782f8 mode 2
Event: 74,669 Executing VM operation: ParallelGCFailedAllocation
Event: 91,680 Executing VM operation: ParallelGCFailedAllocation done
Event: 96,619 Executing VM operation: ParallelGCFailedAllocation


Dynamic libraries:
00400000-00401000 r-xp 00000000 08:01 786073                             /usr/lib/jvm/java-7-openjdk-amd64/jre/bin/java
00600000-00601000 r--p 00000000 08:01 786073                             /usr/lib/jvm/java-7-openjdk-amd64/jre/bin/java
00601000-00602000 rw-p 00001000 08:01 786073                             /usr/lib/jvm/java-7-openjdk-amd64/jre/bin/java
010c6000-0110b000 rw-p 00000000 00:00 0                                  [heap]
b5a00000-b6f00000 rw-p 00000000 00:00 0 
b6f00000-c0000000 rw-p 00000000 00:00 0 
c0000000-d4800000 rw-p 00000000 00:00 0 
e0100000-eaa80000 rw-p 00000000 00:00 0 
eaa80000-100000000 rw-p 00000000 00:00 0 
7f9c20000000-7f9c20060000 rw-p 00000000 00:00 0 
7f9c20060000-7f9c24000000 ---p 00000000 00:00 0 
7f9c28000000-7f9c28021000 rw-p 00000000 00:00 0 
7f9c28021000-7f9c2c000000 ---p 00000000 00:00 0 
7f9c2c000000-7f9c2c035000 rw-p 00000000 00:00 0 
7f9c2c035000-7f9c30000000 ---p 00000000 00:00 0 
7f9c30000000-7f9c30021000 rw-p 00000000 00:00 0 
7f9c30021000-7f9c34000000 ---p 00000000 00:00 0 
7f9c34000000-7f9c34026000 rw-p 00000000 00:00 0 
7f9c34026000-7f9c38000000 ---p 00000000 00:00 0 
7f9c38000000-7f9c393f3000 rw-p 00000000 00:00 0 
7f9c393f3000-7f9c3c000000 ---p 00000000 00:00 0 
7f9c3c000000-7f9c3c021000 rw-p 00000000 00:00 0 
7f9c3c021000-7f9c40000000 ---p 00000000 00:00 0 
7f9c40000000-7f9c40021000 rw-p 00000000 00:00 0 
7f9c40021000-7f9c44000000 ---p 00000000 00:00 0 
7f9c44000000-7f9c45f15000 rw-p 00000000 00:00 0 
7f9c45f15000-7f9c48000000 ---p 00000000 00:00 0 
7f9c48000000-7f9c48021000 rw-p 00000000 00:00 0 
7f9c48021000-7f9c4c000000 ---p 00000000 00:00 0 
7f9c4c000000-7f9c4c021000 rw-p 00000000 00:00 0 
7f9c4c021000-7f9c50000000 ---p 00000000 00:00 0 
7f9c50000000-7f9c5002f000 rw-p 00000000 00:00 0 
7f9c5002f000-7f9c54000000 ---p 00000000 00:00 0 
7f9c54000000-7f9c54021000 rw-p 00000000 00:00 0 
7f9c54021000-7f9c58000000 ---p 00000000 00:00 0 
7f9c58000000-7f9c58025000 rw-p 00000000 00:00 0 
7f9c58025000-7f9c5c000000 ---p 00000000 00:00 0 
7f9c5d277000-7f9c5d27a000 ---p 00000000 00:00 0 
7f9c5d27a000-7f9c5d378000 rw-p 00000000 00:00 0                          [stack:14133]
7f9c5d378000-7f9c5d37b000 ---p 00000000 00:00 0 
7f9c5d37b000-7f9c5d479000 rw-p 00000000 00:00 0                          [stack:14132]
7f9c5d479000-7f9c5d47c000 ---p 00000000 00:00 0 
7f9c5d47c000-7f9c5d57a000 rw-p 00000000 00:00 0                          [stack:14131]
7f9c5d57a000-7f9c5d57d000 ---p 00000000 00:00 0 
7f9c5d57d000-7f9c5d67b000 rw-p 00000000 00:00 0                          [stack:14130]
7f9c5d67b000-7f9c5d67e000 ---p 00000000 00:00 0 
7f9c5d67e000-7f9c5d77c000 rw-p 00000000 00:00 0                          [stack:14129]
7f9c5d77c000-7f9c5d7b9000 r-xp 00000000 08:01 527439                     /lib/x86_64-linux-gnu/libpcre.so.3.13.1
7f9c5d7b9000-7f9c5d9b8000 ---p 0003d000 08:01 527439                     /lib/x86_64-linux-gnu/libpcre.so.3.13.1
7f9c5d9b8000-7f9c5d9b9000 r--p 0003c000 08:01 527439                     /lib/x86_64-linux-gnu/libpcre.so.3.13.1
7f9c5d9b9000-7f9c5d9ba000 rw-p 0003d000 08:01 527439                     /lib/x86_64-linux-gnu/libpcre.so.3.13.1
7f9c5d9ba000-7f9c5d9c1000 r-xp 00000000 08:01 663022                     /usr/lib/x86_64-linux-gnu/libffi.so.6.0.1
7f9c5d9c1000-7f9c5dbc0000 ---p 00007000 08:01 663022                     /usr/lib/x86_64-linux-gnu/libffi.so.6.0.1
7f9c5dbc0000-7f9c5dbc1000 r--p 00006000 08:01 663022                     /usr/lib/x86_64-linux-gnu/libffi.so.6.0.1
7f9c5dbc1000-7f9c5dbc2000 rw-p 00007000 08:01 663022                     /usr/lib/x86_64-linux-gnu/libffi.so.6.0.1
7f9c5dbc2000-7f9c5dbd9000 r-xp 00000000 08:01 526457                     /lib/x86_64-linux-gnu/libresolv-2.19.so
7f9c5dbd9000-7f9c5ddd9000 ---p 00017000 08:01 526457                     /lib/x86_64-linux-gnu/libresolv-2.19.so
7f9c5ddd9000-7f9c5ddda000 r--p 00017000 08:01 526457                     /lib/x86_64-linux-gnu/libresolv-2.19.so
7f9c5ddda000-7f9c5dddb000 rw-p 00018000 08:01 526457                     /lib/x86_64-linux-gnu/libresolv-2.19.so
7f9c5dddb000-7f9c5dddd000 rw-p 00000000 00:00 0 
7f9c5dddd000-7f9c5ddfd000 r-xp 00000000 08:01 525945                     /lib/x86_64-linux-gnu/libselinux.so.1
7f9c5ddfd000-7f9c5dffc000 ---p 00020000 08:01 525945                     /lib/x86_64-linux-gnu/libselinux.so.1
7f9c5dffc000-7f9c5dffd000 r--p 0001f000 08:01 525945                     /lib/x86_64-linux-gnu/libselinux.so.1
7f9c5dffd000-7f9c5dffe000 rw-p 00020000 08:01 525945                     /lib/x86_64-linux-gnu/libselinux.so.1
7f9c5dffe000-7f9c5e000000 rw-p 00000000 00:00 0 
7f9c5e000000-7f9c5e003000 r-xp 00000000 08:01 654302                     /usr/lib/x86_64-linux-gnu/libgmodule-2.0.so.0.4002.0
7f9c5e003000-7f9c5e202000 ---p 00003000 08:01 654302                     /usr/lib/x86_64-linux-gnu/libgmodule-2.0.so.0.4002.0
7f9c5e202000-7f9c5e203000 r--p 00002000 08:01 654302                     /usr/lib/x86_64-linux-gnu/libgmodule-2.0.so.0.4002.0
7f9c5e203000-7f9c5e204000 rw-p 00003000 08:01 654302                     /usr/lib/x86_64-linux-gnu/libgmodule-2.0.so.0.4002.0
7f9c5e204000-7f9c5e30a000 r-xp 00000000 08:01 522228                     /lib/x86_64-linux-gnu/libglib-2.0.so.0.4002.0
7f9c5e30a000-7f9c5e509000 ---p 00106000 08:01 522228                     /lib/x86_64-linux-gnu/libglib-2.0.so.0.4002.0
7f9c5e509000-7f9c5e50a000 r--p 00105000 08:01 522228                     /lib/x86_64-linux-gnu/libglib-2.0.so.0.4002.0
7f9c5e50a000-7f9c5e50b000 rw-p 00106000 08:01 522228                     /lib/x86_64-linux-gnu/libglib-2.0.so.0.4002.0
7f9c5e50b000-7f9c5e50c000 rw-p 00000000 00:00 0 
7f9c5e50c000-7f9c5e55b000 r-xp 00000000 08:01 658432                     /usr/lib/x86_64-linux-gnu/libgobject-2.0.so.0.4002.0
7f9c5e55b000-7f9c5e75b000 ---p 0004f000 08:01 658432                     /usr/lib/x86_64-linux-gnu/libgobject-2.0.so.0.4002.0
7f9c5e75b000-7f9c5e75c000 r--p 0004f000 08:01 658432                     /usr/lib/x86_64-linux-gnu/libgobject-2.0.so.0.4002.0
7f9c5e75c000-7f9c5e75d000 rw-p 00050000 08:01 658432                     /usr/lib/x86_64-linux-gnu/libgobject-2.0.so.0.4002.0
7f9c5e75d000-7f9c5e8c9000 r-xp 00000000 08:01 658442                     /usr/lib/x86_64-linux-gnu/libgio-2.0.so.0.4002.0
7f9c5e8c9000-7f9c5eac8000 ---p 0016c000 08:01 658442                     /usr/lib/x86_64-linux-gnu/libgio-2.0.so.0.4002.0
7f9c5eac8000-7f9c5eacc000 r--p 0016b000 08:01 658442                     /usr/lib/x86_64-linux-gnu/libgio-2.0.so.0.4002.0
7f9c5eacc000-7f9c5eace000 rw-p 0016f000 08:01 658442                     /usr/lib/x86_64-linux-gnu/libgio-2.0.so.0.4002.0
7f9c5eace000-7f9c61000000 rw-p 00000000 00:00 0 
7f9c61000000-7f9c61390000 rwxp 00000000 00:00 0 
7f9c61390000-7f9c6421c000 rw-p 00000000 00:00 0 
7f9c6421c000-7f9c68000000 ---p 00000000 00:00 0 
7f9c68073000-7f9c680a2000 r--p 00000000 08:01 293286                     /usr/share/locale-langpack/ru/LC_MESSAGES/libc.mo
7f9c680a2000-7f9c680d3000 rw-p 00000000 00:00 0 
7f9c680ee000-7f9c680ef000 rw-p 00000000 00:00 0 
7f9c680ef000-7f9c680f6000 r--s 00000000 08:01 23413                      /usr/lib/x86_64-linux-gnu/gconv/gconv-modules.cache
7f9c680f6000-7f9c6810d000 r-xp 00000000 08:01 786099                     /usr/lib/jvm/java-7-openjdk-amd64/jre/lib/amd64/libnet.so
7f9c6810d000-7f9c6830c000 ---p 00017000 08:01 786099                     /usr/lib/jvm/java-7-openjdk-amd64/jre/lib/amd64/libnet.so
7f9c6830c000-7f9c6830d000 r--p 00016000 08:01 786099                     /usr/lib/jvm/java-7-openjdk-amd64/jre/lib/amd64/libnet.so
7f9c6830d000-7f9c6830e000 rw-p 00017000 08:01 786099                     /usr/lib/jvm/java-7-openjdk-amd64/jre/lib/amd64/libnet.so
7f9c6830e000-7f9c6831e000 r-xp 00000000 08:01 787085                     /usr/lib/jvm/java-7-openjdk-amd64/jre/lib/amd64/libnio.so
7f9c6831e000-7f9c6851e000 ---p 00010000 08:01 787085                     /usr/lib/jvm/java-7-openjdk-amd64/jre/lib/amd64/libnio.so
7f9c6851e000-7f9c6851f000 r--p 00010000 08:01 787085                     /usr/lib/jvm/java-7-openjdk-amd64/jre/lib/amd64/libnio.so
7f9c6851f000-7f9c68520000 rw-p 00011000 08:01 787085                     /usr/lib/jvm/java-7-openjdk-amd64/jre/lib/amd64/libnio.so
7f9c68520000-7f9c68576000 r--s 00303000 08:04 2260367                    /home/vitaliy/projects/TestMaps/app/build/intermediates/exploded-aar/com.google.android.gms/play-services/6.5.87/jars/classes.jar
7f9c68576000-7f9c68585000 r--s 000df000 08:04 428611                     /home/vitaliy/programs/android-sdk-linux/build-tools/23.0.1/lib/dx.jar
7f9c68585000-7f9c68589000 r--s 0003c000 08:01 787132                     /usr/lib/jvm/java-7-openjdk-amd64/jre/lib/ext/sunpkcs11.jar
7f9c68589000-7f9c6858a000 ---p 00000000 00:00 0 
7f9c6858a000-7f9c6868a000 rw-p 00000000 00:00 0                          [stack:14128]
7f9c6868a000-7f9c6868d000 ---p 00000000 00:00 0 
7f9c6868d000-7f9c6878b000 rw-p 00000000 00:00 0                          [stack:14127]
7f9c6878b000-7f9c6878e000 ---p 00000000 00:00 0 
7f9c6878e000-7f9c6888c000 rw-p 00000000 00:00 0                          [stack:14126]
7f9c6888c000-7f9c6888f000 ---p 00000000 00:00 0 
7f9c6888f000-7f9c6898d000 rw-p 00000000 00:00 0                          [stack:14125]
7f9c6898d000-7f9c68990000 ---p 00000000 00:00 0 
7f9c68990000-7f9c68a8e000 rw-p 00000000 00:00 0                          [stack:14124]
7f9c68a8e000-7f9c68e89000 r--p 00000000 08:01 659995                     /usr/lib/locale/locale-archive
7f9c68e89000-7f9c68e8c000 ---p 00000000 00:00 0 
7f9c68e8c000-7f9c68f8a000 rw-p 00000000 00:00 0                          [stack:14123]
7f9c68f8a000-7f9c68f8d000 ---p 00000000 00:00 0 
7f9c68f8d000-7f9c6908b000 rw-p 00000000 00:00 0                          [stack:14122]
7f9c6908b000-7f9c6908c000 ---p 00000000 00:00 0 
7f9c6908c000-7f9c69b41000 rw-p 00000000 00:00 0                          [stack:14121]
7f9c69b41000-7f9c69cf3000 r--s 01d2f000 08:01 787107                     /usr/lib/jvm/java-7-openjdk-amd64/jre/lib/rt.jar
7f9c69cf3000-7f9c6a03f000 rw-p 00000000 00:00 0 
7f9c6a03f000-7f9c6a040000 ---p 00000000 00:00 0 
7f9c6a040000-7f9c6a140000 rw-p 00000000 00:00 0                          [stack:14120]
7f9c6a140000-7f9c6a141000 ---p 00000000 00:00 0 
7f9c6a141000-7f9c6a24c000 rw-p 00000000 00:00 0                          [stack:14119]
7f9c6a24c000-7f9c6a294000 rw-p 00000000 00:00 0 
7f9c6a294000-7f9c6a338000 rw-p 00000000 00:00 0 
7f9c6a338000-7f9c6a340000 ---p 00000000 00:00 0 
7f9c6a340000-7f9c6a3ea000 rw-p 00000000 00:00 0 
7f9c6a3ea000-7f9c6a3f5000 rw-p 00000000 00:00 0 
7f9c6a3f5000-7f9c6a43d000 rw-p 00000000 00:00 0 
7f9c6a43d000-7f9c6a4e1000 rw-p 00000000 00:00 0 
7f9c6a4e1000-7f9c6a4e9000 ---p 00000000 00:00 0 
7f9c6a4e9000-7f9c6a592000 rw-p 00000000 00:00 0 
7f9c6a592000-7f9c6a63d000 rw-p 00000000 00:00 0 
7f9c6a63d000-7f9c6a63e000 rw-p 00000000 00:00 0 
7f9c6a63e000-7f9c6a646000 r-xp 00000000 08:01 786104                     /usr/lib/jvm/java-7-openjdk-amd64/jre/lib/amd64/libzip.so
7f9c6a646000-7f9c6a845000 ---p 00008000 08:01 786104                     /usr/lib/jvm/java-7-openjdk-amd64/jre/lib/amd64/libzip.so
7f9c6a845000-7f9c6a846000 r--p 00007000 08:01 786104                     /usr/lib/jvm/java-7-openjdk-amd64/jre/lib/amd64/libzip.so
7f9c6a846000-7f9c6a847000 rw-p 00008000 08:01 786104                     /usr/lib/jvm/java-7-openjdk-amd64/jre/lib/amd64/libzip.so
7f9c6a847000-7f9c6a852000 r-xp 00000000 08:01 548974                     /lib/x86_64-linux-gnu/libnss_files-2.19.so
7f9c6a852000-7f9c6aa51000 ---p 0000b000 08:01 548974                     /lib/x86_64-linux-gnu/libnss_files-2.19.so
7f9c6aa51000-7f9c6aa52000 r--p 0000a000 08:01 548974                     /lib/x86_64-linux-gnu/libnss_files-2.19.so
7f9c6aa52000-7f9c6aa53000 rw-p 0000b000 08:01 548974                     /lib/x86_64-linux-gnu/libnss_files-2.19.so
7f9c6aa53000-7f9c6aa5e000 r-xp 00000000 08:01 548966                     /lib/x86_64-linux-gnu/libnss_nis-2.19.so
7f9c6aa5e000-7f9c6ac5d000 ---p 0000b000 08:01 548966                     /lib/x86_64-linux-gnu/libnss_nis-2.19.so
7f9c6ac5d000-7f9c6ac5e000 r--p 0000a000 08:01 548966                     /lib/x86_64-linux-gnu/libnss_nis-2.19.so
7f9c6ac5e000-7f9c6ac5f000 rw-p 0000b000 08:01 548966                     /lib/x86_64-linux-gnu/libnss_nis-2.19.so
7f9c6ac5f000-7f9c6ac76000 r-xp 00000000 08:01 548962                     /lib/x86_64-linux-gnu/libnsl-2.19.so
7f9c6ac76000-7f9c6ae75000 ---p 00017000 08:01 548962                     /lib/x86_64-linux-gnu/libnsl-2.19.so
7f9c6ae75000-7f9c6ae76000 r--p 00016000 08:01 548962                     /lib/x86_64-linux-gnu/libnsl-2.19.so
7f9c6ae76000-7f9c6ae77000 rw-p 00017000 08:01 548962                     /lib/x86_64-linux-gnu/libnsl-2.19.so
7f9c6ae77000-7f9c6ae79000 rw-p 00000000 00:00 0 
7f9c6ae79000-7f9c6ae82000 r-xp 00000000 08:01 548961                     /lib/x86_64-linux-gnu/libnss_compat-2.19.so
7f9c6ae82000-7f9c6b081000 ---p 00009000 08:01 548961                     /lib/x86_64-linux-gnu/libnss_compat-2.19.so
7f9c6b081000-7f9c6b082000 r--p 00008000 08:01 548961                     /lib/x86_64-linux-gnu/libnss_compat-2.19.so
7f9c6b082000-7f9c6b083000 rw-p 00009000 08:01 548961                     /lib/x86_64-linux-gnu/libnss_compat-2.19.so
7f9c6b083000-7f9c6b0ae000 r-xp 00000000 08:01 786087                     /usr/lib/jvm/java-7-openjdk-amd64/jre/lib/amd64/libjava.so
7f9c6b0ae000-7f9c6b2ae000 ---p 0002b000 08:01 786087                     /usr/lib/jvm/java-7-openjdk-amd64/jre/lib/amd64/libjava.so
7f9c6b2ae000-7f9c6b2af000 r--p 0002b000 08:01 786087                     /usr/lib/jvm/java-7-openjdk-amd64/jre/lib/amd64/libjava.so
7f9c6b2af000-7f9c6b2b1000 rw-p 0002c000 08:01 786087                     /usr/lib/jvm/java-7-openjdk-amd64/jre/lib/amd64/libjava.so
7f9c6b2b1000-7f9c6b2c1000 r-xp 00000000 08:01 786088                     /usr/lib/jvm/java-7-openjdk-amd64/jre/lib/amd64/libverify.so
7f9c6b2c1000-7f9c6b4c0000 ---p 00010000 08:01 786088                     /usr/lib/jvm/java-7-openjdk-amd64/jre/lib/amd64/libverify.so
7f9c6b4c0000-7f9c6b4c2000 r--p 0000f000 08:01 786088                     /usr/lib/jvm/java-7-openjdk-amd64/jre/lib/amd64/libverify.so
7f9c6b4c2000-7f9c6b4c3000 rw-p 00011000 08:01 786088                     /usr/lib/jvm/java-7-openjdk-amd64/jre/lib/amd64/libverify.so
7f9c6b4c3000-7f9c6b4ca000 r-xp 00000000 08:01 548970                     /lib/x86_64-linux-gnu/librt-2.19.so
7f9c6b4ca000-7f9c6b6c9000 ---p 00007000 08:01 548970                     /lib/x86_64-linux-gnu/librt-2.19.so
7f9c6b6c9000-7f9c6b6ca000 r--p 00006000 08:01 548970                     /lib/x86_64-linux-gnu/librt-2.19.so
7f9c6b6ca000-7f9c6b6cb000 rw-p 00007000 08:01 548970                     /lib/x86_64-linux-gnu/librt-2.19.so
7f9c6b6cb000-7f9c6b6e1000 r-xp 00000000 08:01 522217                     /lib/x86_64-linux-gnu/libgcc_s.so.1
7f9c6b6e1000-7f9c6b8e0000 ---p 00016000 08:01 522217                     /lib/x86_64-linux-gnu/libgcc_s.so.1
7f9c6b8e0000-7f9c6b8e1000 rw-p 00015000 08:01 522217                     /lib/x86_64-linux-gnu/libgcc_s.so.1
7f9c6b8e1000-7f9c6b9e6000 r-xp 00000000 08:01 527535                     /lib/x86_64-linux-gnu/libm-2.19.so
7f9c6b9e6000-7f9c6bbe5000 ---p 00105000 08:01 527535                     /lib/x86_64-linux-gnu/libm-2.19.so
7f9c6bbe5000-7f9c6bbe6000 r--p 00104000 08:01 527535                     /lib/x86_64-linux-gnu/libm-2.19.so
7f9c6bbe6000-7f9c6bbe7000 rw-p 00105000 08:01 527535                     /lib/x86_64-linux-gnu/libm-2.19.so
7f9c6bbe7000-7f9c6bccd000 r-xp 00000000 08:01 653713                     /usr/lib/x86_64-linux-gnu/libstdc++.so.6.0.19
7f9c6bccd000-7f9c6becc000 ---p 000e6000 08:01 653713                     /usr/lib/x86_64-linux-gnu/libstdc++.so.6.0.19
7f9c6becc000-7f9c6bed4000 r--p 000e5000 08:01 653713                     /usr/lib/x86_64-linux-gnu/libstdc++.so.6.0.19
7f9c6bed4000-7f9c6bed6000 rw-p 000ed000 08:01 653713                     /usr/lib/x86_64-linux-gnu/libstdc++.so.6.0.19
7f9c6bed6000-7f9c6beeb000 rw-p 00000000 00:00 0 
7f9c6beeb000-7f9c6ca10000 r-xp 00000000 08:01 786102                     /usr/lib/jvm/java-7-openjdk-amd64/jre/lib/amd64/server/libjvm.so
7f9c6ca10000-7f9c6cc10000 ---p 00b25000 08:01 786102                     /usr/lib/jvm/java-7-openjdk-amd64/jre/lib/amd64/server/libjvm.so
7f9c6cc10000-7f9c6ccaa000 r--p 00b25000 08:01 786102                     /usr/lib/jvm/java-7-openjdk-amd64/jre/lib/amd64/server/libjvm.so
7f9c6ccaa000-7f9c6cccd000 rw-p 00bbf000 08:01 786102                     /usr/lib/jvm/java-7-openjdk-amd64/jre/lib/amd64/server/libjvm.so
7f9c6cccd000-7f9c6ccfb000 rw-p 00000000 00:00 0 
7f9c6ccfb000-7f9c6cd13000 r-xp 00000000 08:01 526118                     /lib/x86_64-linux-gnu/libz.so.1.2.8
7f9c6cd13000-7f9c6cf12000 ---p 00018000 08:01 526118                     /lib/x86_64-linux-gnu/libz.so.1.2.8
7f9c6cf12000-7f9c6cf13000 r--p 00017000 08:01 526118                     /lib/x86_64-linux-gnu/libz.so.1.2.8
7f9c6cf13000-7f9c6cf14000 rw-p 00018000 08:01 526118                     /lib/x86_64-linux-gnu/libz.so.1.2.8
7f9c6cf14000-7f9c6cf2d000 r-xp 00000000 08:01 548963                     /lib/x86_64-linux-gnu/libpthread-2.19.so
7f9c6cf2d000-7f9c6d12c000 ---p 00019000 08:01 548963                     /lib/x86_64-linux-gnu/libpthread-2.19.so
7f9c6d12c000-7f9c6d12d000 r--p 00018000 08:01 548963                     /lib/x86_64-linux-gnu/libpthread-2.19.so
7f9c6d12d000-7f9c6d12e000 rw-p 00019000 08:01 548963                     /lib/x86_64-linux-gnu/libpthread-2.19.so
7f9c6d12e000-7f9c6d132000 rw-p 00000000 00:00 0 
7f9c6d132000-7f9c6d135000 r-xp 00000000 08:01 548958                     /lib/x86_64-linux-gnu/libdl-2.19.so
7f9c6d135000-7f9c6d334000 ---p 00003000 08:01 548958                     /lib/x86_64-linux-gnu/libdl-2.19.so
7f9c6d334000-7f9c6d335000 r--p 00002000 08:01 548958                     /lib/x86_64-linux-gnu/libdl-2.19.so
7f9c6d335000-7f9c6d336000 rw-p 00003000 08:01 548958                     /lib/x86_64-linux-gnu/libdl-2.19.so
7f9c6d336000-7f9c6d4f1000 r-xp 00000000 08:01 548971                     /lib/x86_64-linux-gnu/libc-2.19.so
7f9c6d4f1000-7f9c6d6f0000 ---p 001bb000 08:01 548971                     /lib/x86_64-linux-gnu/libc-2.19.so
7f9c6d6f0000-7f9c6d6f4000 r--p 001ba000 08:01 548971                     /lib/x86_64-linux-gnu/libc-2.19.so
7f9c6d6f4000-7f9c6d6f6000 rw-p 001be000 08:01 548971                     /lib/x86_64-linux-gnu/libc-2.19.so
7f9c6d6f6000-7f9c6d6fb000 rw-p 00000000 00:00 0 
7f9c6d6fb000-7f9c6d708000 r-xp 00000000 08:01 786269                     /usr/lib/jvm/java-7-openjdk-amd64/jre/lib/amd64/jli/libjli.so
7f9c6d708000-7f9c6d907000 ---p 0000d000 08:01 786269                     /usr/lib/jvm/java-7-openjdk-amd64/jre/lib/amd64/jli/libjli.so
7f9c6d907000-7f9c6d908000 r--p 0000c000 08:01 786269                     /usr/lib/jvm/java-7-openjdk-amd64/jre/lib/amd64/jli/libjli.so
7f9c6d908000-7f9c6d909000 rw-p 0000d000 08:01 786269                     /usr/lib/jvm/java-7-openjdk-amd64/jre/lib/amd64/jli/libjli.so
7f9c6d909000-7f9c6d92c000 r-xp 00000000 08:01 548964                     /lib/x86_64-linux-gnu/ld-2.19.so
7f9c6d92c000-7f9c6d92f000 r--s 0000f000 08:01 787129                     /usr/lib/jvm/java-7-openjdk-amd64/jre/lib/ext/icedtea-sound.jar
7f9c6d92f000-7f9c6d931000 r--s 00006000 08:01 14801                      /usr/share/java/java-atk-wrapper.jar
7f9c6d931000-7f9c6d935000 r--s 00034000 08:01 787128                     /usr/lib/jvm/java-7-openjdk-amd64/jre/lib/ext/sunjce_provider.jar
7f9c6d935000-7f9c6d937000 r--s 00012000 08:01 787127                     /usr/lib/jvm/java-7-openjdk-amd64/jre/lib/ext/zipfs.jar
7f9c6d937000-7f9c6d93b000 r--s 00085000 08:01 787131                     /usr/lib/jvm/java-7-openjdk-amd64/jre/lib/ext/localedata.jar
7f9c6d93b000-7f9c6d93c000 r--s 00002000 08:01 787125                     /usr/lib/jvm/java-7-openjdk-amd64/jre/lib/ext/dnsns.jar
7f9c6d93c000-7f9c6d93e000 r--s 00004000 08:01 684415                     /usr/lib/jayatana/jayatana-1.2.4.jar
7f9c6d93e000-7f9c6d940000 r--s 00000000 08:01 684416                     /usr/lib/jayatana/gtkextended-1.2.jar
7f9c6d940000-7f9c6d94f000 rw-p 00000000 00:00 0 
7f9c6d94f000-7f9c6da00000 rw-p 00000000 00:00 0 
7f9c6da00000-7f9c6da03000 ---p 00000000 00:00 0 
7f9c6da03000-7f9c6db06000 rw-p 00000000 00:00 0                          [stack:14116]
7f9c6db06000-7f9c6db07000 r--s 00008000 08:01 684417                     /usr/lib/jayatana/jayatanart7-1.2.4.jar
7f9c6db07000-7f9c6db1f000 rw-p 00000000 00:00 0 
7f9c6db1f000-7f9c6db27000 rw-s 00000000 08:01 398362                     /tmp/hsperfdata_vitaliy/14114
7f9c6db27000-7f9c6db28000 rw-p 00000000 00:00 0 
7f9c6db28000-7f9c6db29000 ---p 00000000 00:00 0 
7f9c6db29000-7f9c6db2b000 rw-p 00000000 00:00 0 
7f9c6db2b000-7f9c6db2c000 r--p 00022000 08:01 548964                     /lib/x86_64-linux-gnu/ld-2.19.so
7f9c6db2c000-7f9c6db2d000 rw-p 00023000 08:01 548964                     /lib/x86_64-linux-gnu/ld-2.19.so
7f9c6db2d000-7f9c6db2e000 rw-p 00000000 00:00 0 
7fff850e0000-7fff85101000 rw-p 00000000 00:00 0                          [stack]
7fff851fe000-7fff85200000 r-xp 00000000 00:00 0                          [vdso]
ffffffffff600000-ffffffffff601000 r-xp 00000000 00:00 0                  [vsyscall]

VM Arguments:
jvm_args: -Xmx1024M -Dfile.encoding=UTF-8 -Duser.country=UA -Duser.language=ru -Duser.variant 
java_command: com.android.dx.command.Main --dex --num-threads=4 --output /home/vitaliy/projects/TestMaps/app/build/intermediates/pre-dexed/debug/classes-a43c3809a1bdff8b4ca13f3abcb3fc0c03f9ebc6.jar /home/vitaliy/projects/TestMaps/app/build/intermediates/exploded-aar/com.google.android.gms/play-services/6.5.87/jars/classes.jar
Launcher Type: SUN_STANDARD

Environment Variables:
PATH=/usr/local/sbin:/usr/local/bin:/usr/sbin:/usr/bin:/sbin:/bin:/usr/games:/usr/local/games
USERNAME=vitaliy
LD_LIBRARY_PATH=/home/vitaliy/programs/idea-IU-143.1184.17/bin:
SHELL=/bin/bash
DISPLAY=:0

Signal Handlers:
SIGSEGV: [libjvm.so+0x955bc0], sa_mask[0]=0x7ffbfeff, sa_flags=0x10000004
SIGBUS: [libjvm.so+0x955bc0], sa_mask[0]=0x7ffbfeff, sa_flags=0x10000004
SIGFPE: [libjvm.so+0x7caff0], sa_mask[0]=0x7ffbfeff, sa_flags=0x10000004
SIGPIPE: [libjvm.so+0x7caff0], sa_mask[0]=0x7ffbfeff, sa_flags=0x10000004
SIGXFSZ: [libjvm.so+0x7caff0], sa_mask[0]=0x7ffbfeff, sa_flags=0x10000004
SIGILL: [libjvm.so+0x7caff0], sa_mask[0]=0x7ffbfeff, sa_flags=0x10000004
SIGUSR1: SIG_DFL, sa_mask[0]=0x00000000, sa_flags=0x00000000
SIGUSR2: [libjvm.so+0x7cae90], sa_mask[0]=0x00000004, sa_flags=0x10000004
SIGHUP: [libjvm.so+0x7cb070], sa_mask[0]=0x7ffbfeff, sa_flags=0x10000004
SIGINT: [libjvm.so+0x7cb070], sa_mask[0]=0x7ffbfeff, sa_flags=0x10000004
SIGTERM: [libjvm.so+0x7cb070], sa_mask[0]=0x7ffbfeff, sa_flags=0x10000004
SIGQUIT: [libjvm.so+0x7cb070], sa_mask[0]=0x7ffbfeff, sa_flags=0x10000004
SIGTRAP: SIG_DFL, sa_mask[0]=0x00000000, sa_flags=0x00000000


---------------  S Y S T E M  ---------------

OS:LinuxMint 17.2 (rafaela)
uname:Linux 3.13.0-24-generic #47-Ubuntu SMP Fri May 2 23:30:00 UTC 2014 x86_64
libc:glibc 2.19 NPTL 2.19 
rlimit: STACK 8192k, CORE 0k, NPROC 47508, NOFILE 4096, AS infinity
load average:26,61 13,50 7,43

/proc/meminfo:
MemTotal:        6112144 kB
MemFree:          120416 kB
Buffers:             960 kB
Cached:           143960 kB
SwapCached:            0 kB
Active:          5658364 kB
Inactive:         134504 kB
Active(anon):    5650612 kB
Inactive(anon):   109900 kB
Active(file):       7752 kB
Inactive(file):    24604 kB
Unevictable:        1424 kB
Mlocked:            1424 kB
SwapTotal:             0 kB
SwapFree:              0 kB
Dirty:               336 kB
Writeback:             0 kB
AnonPages:       5649476 kB
Mapped:           121804 kB
Shmem:            112460 kB
Slab:              67012 kB
SReclaimable:      30444 kB
SUnreclaim:        36568 kB
KernelStack:        5984 kB
PageTables:        43292 kB
NFS_Unstable:          0 kB
Bounce:                0 kB
WritebackTmp:          0 kB
CommitLimit:     3056072 kB
Committed_AS:   11781476 kB
VmallocTotal:   34359738367 kB
VmallocUsed:      337804 kB
VmallocChunk:   34359336400 kB
HardwareCorrupted:     0 kB
AnonHugePages:   1460224 kB
HugePages_Total:       0
HugePages_Free:        0
HugePages_Rsvd:        0
HugePages_Surp:        0
Hugepagesize:       2048 kB
DirectMap4k:       56960 kB
DirectMap2M:     6234112 kB


CPU:total 2 (2 cores per cpu, 1 threads per core) family 6 model 23 stepping 10, cmov, cx8, fxsr, mmx, sse, sse2, sse3, ssse3, tsc

/proc/cpuinfo:
processor	: 0
vendor_id	: GenuineIntel
cpu family	: 6
model		: 23
model name	: Pentium(R) Dual-Core  CPU      E5400  @ 2.70GHz
stepping	: 10
microcode	: 0xa07
cpu MHz		: 2700.000
cache size	: 2048 KB
physical id	: 0
siblings	: 2
core id		: 0
cpu cores	: 2
apicid		: 0
initial apicid	: 0
fpu		: yes
fpu_exception	: yes
cpuid level	: 13
wp		: yes
flags		: fpu vme de pse tsc msr pae mce cx8 apic sep mtrr pge mca cmov pat pse36 clflush dts acpi mmx fxsr sse sse2 ss ht tm pbe syscall nx lm constant_tsc arch_perfmon pebs bts rep_good nopl aperfmperf pni dtes64 monitor ds_cpl vmx est tm2 ssse3 cx16 xtpr pdcm xsave lahf_lm dtherm tpr_shadow vnmi flexpriority
bogomips	: 5400.35
clflush size	: 64
cache_alignment	: 64
address sizes	: 36 bits physical, 48 bits virtual
power management:

processor	: 1
vendor_id	: GenuineIntel
cpu family	: 6
model		: 23
model name	: Pentium(R) Dual-Core  CPU      E5400  @ 2.70GHz
stepping	: 10
microcode	: 0xa07
cpu MHz		: 2700.000
cache size	: 2048 KB
physical id	: 0
siblings	: 2
core id		: 1
cpu cores	: 2
apicid		: 1
initial apicid	: 1
fpu		: yes
fpu_exception	: yes
cpuid level	: 13
wp		: yes
flags		: fpu vme de pse tsc msr pae mce cx8 apic sep mtrr pge mca cmov pat pse36 clflush dts acpi mmx fxsr sse sse2 ss ht tm pbe syscall nx lm constant_tsc arch_perfmon pebs bts rep_good nopl aperfmperf pni dtes64 monitor ds_cpl vmx est tm2 ssse3 cx16 xtpr pdcm xsave lahf_lm dtherm tpr_shadow vnmi flexpriority
bogomips	: 5400.35
clflush size	: 64
cache_alignment	: 64
address sizes	: 36 bits physical, 48 bits virtual
power management:



Memory: 4k page, physical 6112144k(120416k free), swap 0k(0k free)

vm_info: OpenJDK 64-Bit Server VM (24.95-b01) for linux-amd64 JRE (1.7.0_95-b00), built on Feb 20 2016 18:33:59 by "buildd" with gcc 4.8.4

time: Mon Mar 21 12:04:09 2016
elapsed time: 147 seconds

